make all --print-data-base --no-builtin-variables --no-builtin-rules --question
make: *** No rule to make target 'all'.  Stop.

# GNU Make 4.3
# Built for x86_64-pc-linux-gnu
# Copyright (C) 1988-2020 Free Software Foundation, Inc.
# License GPLv3+: GNU GPL version 3 or later <http://gnu.org/licenses/gpl.html>
# This is free software: you are free to change and redistribute it.
# There is NO WARRANTY, to the extent permitted by law.

# Make data base, printed on Wed Aug 31 21:12:39 2022

# Variables

# environment
GDK_BACKEND = x11
# environment
LC_ALL = C
# environment
GTK_RC_FILES = /etc/gtk/gtkrc:/home/user/.gtkrc:/home/user/.config/gtkrc
# environment
SNAP_INSTANCE_KEY = 
# environment
LC_NAME = de_DE.UTF-8
# environment
LC_NUMERIC = de_DE.UTF-8
# environment
VSCODE_CWD = /home/user
# environment
LC_ADDRESS = de_DE.UTF-8
# default
MAKE_COMMAND := make
# environment
QT_ACCESSIBILITY = 1
# automatic
@D = $(patsubst %/,%,$(dir $@))
# environment
SNAP_INSTANCE_NAME = code
# environment
GDK_PIXBUF_MODULEDIR = /snap/code/105/usr/lib/x86_64-linux-gnu/gdk-pixbuf-2.0/2.10.0/loaders
# environment
VSCODE_HANDLES_UNCAUGHT_ERRORS = true
# default
.VARIABLES := 
# environment
PWD = /home/user/git/sen5x_mqtt
# automatic
%D = $(patsubst %/,%,$(dir $%))
# environment
KICAD6_TEMPLATE_DIR = /usr/lib/kicad-nightly/share/kicad/template/
# environment
XDG_DATA_DIRS = /usr/share/plasma:/usr/local/share:/usr/share:/var/lib/snapd/desktop
# automatic
^D = $(patsubst %/,%,$(dir $^))
# automatic
%F = $(notdir $%)
# environment
VSCODE_CODE_CACHE_PATH = /home/user/.config/Code/CachedData/e4503b30fc78200f846c62cf8091b76ff5547662
# environment
XDG_SESSION_PATH = /org/freedesktop/DisplayManager/Session1
# environment
KIGITHUB = https://github.com/KiCad
# environment
LANG = C
# environment
XAUTHORITY = /home/user/.Xauthority
# default
.LOADED := 
# default
.INCLUDE_DIRS = /usr/local/include /usr/include /usr/include
# makefile
MAKEFLAGS = pqrR
# makefile
CURDIR := /home/user/git/sen5x_mqtt
# environment
APPLICATION_INSIGHTS_NO_DIAGNOSTIC_CHANNEL = 1
# environment
LESSOPEN = | /usr/bin/lesspipe %s
# automatic
*D = $(patsubst %/,%,$(dir $*))
# environment
PAM_KWALLET5_LOGIN = /run/user/1000/kwallet5.socket
# environment
MFLAGS = -pqrR
# environment
SSH_AUTH_SOCK = /tmp/ssh-XXXXXXZBHP9E/agent.1564
# default
.SHELLFLAGS := -c
# environment
XDG_CONFIG_DIRS = /home/user/.config/kdedefaults:/etc/xdg/xdg-plasma:/etc/xdg:/usr/share/kubuntu-default-settings/kf5-settings
# automatic
+D = $(patsubst %/,%,$(dir $+))
# environment
XCURSOR_THEME = Win7Bulid-cursors
# environment
XDG_SESSION_DESKTOP = KDE
# makefile
MAKEFILE_LIST := 
# environment
SNAP_REEXEC = 
# automatic
@F = $(notdir $@)
# environment
VSCODE_PID = 7770
# environment
XDG_SESSION_TYPE = x11
# automatic
?D = $(patsubst %/,%,$(dir $?))
# environment
BAMF_DESKTOP_FILE_HINT = /var/lib/snapd/desktop/applications/code_code.desktop
# environment
SESSION_MANAGER = local/x1:@/tmp/.ICE-unix/1840,unix/x1:/tmp/.ICE-unix/1840
# automatic
*F = $(notdir $*)
# environment
CHROME_DESKTOP = code-url-handler.desktop
# environment
DBUS_SESSION_BUS_ADDRESS = unix:path=/run/user/1000/bus
# automatic
<D = $(patsubst %/,%,$(dir $<))
# environment
VSCODE_NLS_CONFIG = {"locale":"en-us","availableLanguages":{},"_languagePackSupport":true}
# default
MAKE_HOST := x86_64-pc-linux-gnu
# makefile
SHELL = /bin/sh
# default
MAKECMDGOALS := all
# environment
DOTNET_BUNDLE_EXTRACT_BASE_DIR = /home/user/.cache/dotnet_bundle_extract
# environment
KICAD6_3DMODEL_DIR = /usr/lib/kicad-nightly/share/kicad/3dmodels/
# environment
SHLVL = 0
# environment
MAKELEVEL := 0
# default
MAKE = $(MAKE_COMMAND)
# environment
SNAP_COOKIE = sIePiElFye3RuQAozlx6HInNHjRIy5Xg2HorvRJ_rWVqT-GCkQlR
# environment
PATH = /home/user/.local/bin:/home/user/.local/bin:/usr/local/sbin:/usr/local/bin:/usr/sbin:/usr/bin:/sbin:/bin:/usr/games:/usr/local/games:/snap/bin:/home/user/.dotnet/tools:/home/user/.dotnet/tools:/home/user/.local/bin
# default
MAKEFILES := 
# environment
KICAD6_SYMBOL_DIR = /usr/lib/kicad-nightly/share/kicad/library/
# environment
LC_MONETARY = de_DE.UTF-8
# automatic
^F = $(notdir $^)
# environment
SNAP_USER_COMMON = /home/user/snap/code/common
# environment
LC_TIME = de_DE.UTF-8
# environment
SNAP = /snap/code/105
# environment
KICAD6_FOOTPRINT_DIR = /usr/lib/kicad-nightly/share/kicad/modules/
# environment
SNAP_REVISION = 105
# environment
SNAP_REAL_HOME = /home/user
# environment
LC_TELEPHONE = de_DE.UTF-8
# environment
LESSCLOSE = /usr/bin/lesspipe %s %s
# automatic
?F = $(notdir $?)
# environment
KDE_APPLICATIONS_AS_SCOPE = 1
# environment
XDG_SEAT = seat0
# environment
XDG_CURRENT_DESKTOP = KDE
# environment
LS_COLORS = 
# automatic
+F = $(notdir $+)
# environment
XDG_SEAT_PATH = /org/freedesktop/DisplayManager/Seat0
# environment
DESKTOP_SESSION = plasma
# environment
ORIGINAL_XDG_CURRENT_DESKTOP = KDE
# 'override' directive
GNUMAKEFLAGS := 
# environment
QT_SCREEN_SCALE_FACTORS = eDP-1=1.5;DP-1=1.5;HDMI-1=1.5;DP-2=1.5;
# environment
LOGNAME = user
# environment
SNAP_ARCH = amd64
# environment
XDG_VTNR = 1
# makefile
.DEFAULT_GOAL := 
# environment
SYSTEMD_EXEC_PID = 1541
# environment
DISPLAY = :0
# environment
USER = user
# default
MAKE_VERSION := 4.3
# environment
KDE_SESSION_UID = 1000
# environment
DISABLE_WAYLAND = 1
# environment
SNAP_DATA = /var/snap/code/105
# environment
SNAP_CONTEXT = sIePiElFye3RuQAozlx6HInNHjRIy5Xg2HorvRJ_rWVqT-GCkQlR
# environment
LC_MEASUREMENT = de_DE.UTF-8
# environment
SSH_AGENT_PID = 1695
# environment
_ = /snap/code/105/usr/share/code/code
# environment
LC_PAPER = de_DE.UTF-8
# environment
XDG_RUNTIME_DIR = /run/user/1000
# environment
GPG_AGENT_INFO = /run/user/1000/gnupg/S.gpg-agent:0:1
# environment
GDK_PIXBUF_MODULE_FILE = /home/user/snap/code/common/.cache/gdk-pixbuf-loaders.cache
# environment
XDG_SESSION_CLASS = user
# environment
VSCODE_AMD_ENTRYPOINT = vs/workbench/api/node/extensionHostProcess
# environment
GTK2_RC_FILES = /etc/gtk-2.0/gtkrc:/home/user/.gtkrc-2.0:/home/user/.config/gtkrc-2.0
# environment
HOME = /home/user
# environment
ELECTRON_RUN_AS_NODE = 1
# environment
VSCODE_IPC_HOOK = /run/user/1000/vscode-16068fa4-1.70.2-main.sock
# environment
SNAP_NAME = code
# environment
GSETTINGS_SCHEMA_DIR = /snap/code/105/usr/share/glib-2.0/schemas
# environment
XDG_SESSION_ID = 3
# environment
XCURSOR_SIZE = 36
# environment
IM_CONFIG_PHASE = 1
# default
.RECIPEPREFIX := 
# automatic
<F = $(notdir $<)
# environment
SNAP_VERSION = e4503b30
# default
SUFFIXES := 
# environment
QT_AUTO_SCREEN_SCALE_FACTOR = 0
# environment
VSCODE_CLI = 1
# environment
ELECTRON_NO_ATTACH_CONSOLE = 1
# environment
SNAP_COMMON = /var/snap/code/common
# environment
KDE_SESSION_VERSION = 5
# default
.FEATURES := target-specific order-only second-expansion else-if shortest-stem undefine oneshell nocomment grouped-target extra-prereqs archives jobserver output-sync check-symlink load
# environment
KDE_FULL_SESSION = true
# environment
SNAP_USER_DATA = /home/user/snap/code/105
# environment
DOTNET_ROOT = /usr/lib/dotnet/dotnet6-6.0.108
# environment
LC_IDENTIFICATION = de_DE.UTF-8
# environment
SNAP_LIBRARY_PATH = /var/lib/snapd/lib/gl:/var/lib/snapd/lib/gl32:/var/lib/snapd/void
# variable set hash-table stats:
# Load=132/1024=13%, Rehash=0, Collisions=4/159=3%

 
# Pattern-specific Variable Values

# No pattern-specific variable values.

# Directories

# . (device 66310, inode 4983751): 6 files, no impossibilities.

# 6 files, no impossibilities in 1 directories.

# Implicit Rules

# No implicit rules.

# Files

# Not a target:
Makefile:
#  Implicit rule search has been done.
#  File does not exist.
#  File has been updated.
#  Failed to be updated.

# Not a target:
.DEFAULT:
#  Implicit rule search has not been done.
#  Modification time never checked.
#  File has not been updated.

# Not a target:
all:
#  Command line target.
#  Implicit rule search has been done.
#  File does not exist.
#  File has not been updated.

# Not a target:
makefile:
#  Implicit rule search has been done.
#  File does not exist.
#  File has been updated.
#  Failed to be updated.

# Not a target:
GNUmakefile:
#  Implicit rule search has been done.
#  File does not exist.
#  File has been updated.
#  Failed to be updated.

# files hash-table stats:
# Load=6/1024=1%, Rehash=0, Collisions=0/15=0%
# VPATH Search Paths

# No 'vpath' search paths.

# No general ('VPATH' variable) search path.

# strcache buffers: 1 (0) / strings = 14 / storage = 136 B / avg = 9 B
# current buf: size = 8162 B / used = 136 B / count = 14 / avg = 9 B

# strcache performance: lookups = 17 / hit rate = 17%
# hash-table stats:
# Load=14/8192=0%, Rehash=0, Collisions=0/17=0%
# Finished Make data base on Wed Aug 31 21:12:39 2022

 
